<?xml version="1.0" encoding="UTF-8"?>
<!-- Generated by org.testng.reporters.JUnitReportReporter -->
<testsuite hostname="LAPTOP-IQ2DGKB5" failures="0" tests="1" name="ChromeTest" time="7.691" errors="0" timestamp="2020-08-03T21:54:02 IST" skipped="0">
  <testcase classname="ChromeTest" name="amazonTest" time="7.691"/>
</testsuite> <!-- ChromeTest -->
