<?xml version="1.0" encoding="UTF-8"?>
<!-- Generated by org.testng.reporters.JUnitReportReporter -->
<testsuite hostname="LAPTOP-IQ2DGKB5" failures="0" tests="1" name="AmazonTest" time="29.594" errors="0" timestamp="04 Aug 2020 17:40:51 GMT" skipped="0">
  <testcase classname="AmazonTest" name="addItemsToCart" time="29.594"/>
</testsuite> <!-- AmazonTest -->
