<?xml version="1.0" encoding="UTF-8"?>
<!-- Generated by org.testng.reporters.JUnitReportReporter -->
<testsuite hostname="LAPTOP-IQ2DGKB5" failures="0" tests="1" name="ChromeTest" time="5.695" errors="0" timestamp="03 Aug 2020 16:17:07 GMT" skipped="0">
  <testcase classname="ChromeTest" name="amazonTest" time="5.695"/>
</testsuite> <!-- ChromeTest -->
