<?xml version="1.0" encoding="UTF-8"?>
<!-- Generated by org.testng.reporters.JUnitReportReporter -->
<testsuite hostname="LAPTOP-IQ2DGKB5" failures="0" tests="1" name="AmazonTest" time="37.051" errors="0" timestamp="04 Aug 2020 17:54:08 GMT" skipped="0">
  <testcase classname="AmazonTest" name="addItemsToCart" time="37.051"/>
</testsuite> <!-- AmazonTest -->
